<?xml version="1.0" encoding="UTF-8"?>
<!-- Generated by org.testng.reporters.JUnitReportReporter -->
<testsuite hostname="DESKTOP-08FKUO3" failures="0" tests="1" name="GithubPackage.ReadParamFromCmdLineTest" time="0.022" errors="0" timestamp="2022-09-29T12:58:12 IST" skipped="0">
  <testcase classname="GithubPackage.ReadParamFromCmdLineTest" name="parameters" time="0.022"/>
  <system-out/>
</testsuite> <!-- GithubPackage.ReadParamFromCmdLineTest -->
